03-03-2026 10:11:51 [31merror[39m Error connect MongoDB: MongoRuntimeError: Unable to parse undefined:undefined with URL
03-03-2026 10:12:01 [32minfo[39m Reconnect to mongodb
03-03-2026 10:12:01 [31merror[39m Error connect MongoDB: MongoRuntimeError: Unable to parse undefined:undefined with URL
03-03-2026 10:12:11 [32minfo[39m Reconnect to mongodb
03-03-2026 10:12:11 [31merror[39m Error connect MongoDB: MongoRuntimeError: Unable to parse undefined:undefined with URL
03-03-2026 10:12:21 [32minfo[39m Reconnect to mongodb
03-03-2026 10:12:21 [31merror[39m Error connect MongoDB: MongoRuntimeError: Unable to parse undefined:undefined with URL
03-03-2026 10:12:31 [32minfo[39m Reconnect to mongodb
03-03-2026 10:12:31 [31merror[39m Error connect MongoDB: MongoRuntimeError: Unable to parse undefined:undefined with URL
03-03-2026 10:12:41 [32minfo[39m Reconnect to mongodb
03-03-2026 10:12:41 [31merror[39m Error connect MongoDB: MongoRuntimeError: Unable to parse undefined:undefined with URL
03-03-2026 10:12:51 [32minfo[39m Reconnect to mongodb
03-03-2026 10:12:51 [31merror[39m Error connect MongoDB: MongoRuntimeError: Unable to parse undefined:undefined with URL
03-03-2026 10:13:01 [32minfo[39m Reconnect to mongodb
03-03-2026 10:13:01 [31merror[39m Error connect MongoDB: MongoRuntimeError: Unable to parse undefined:undefined with URL
03-03-2026 10:13:11 [32minfo[39m Reconnect to mongodb
03-03-2026 10:13:11 [31merror[39m Error connect MongoDB: MongoRuntimeError: Unable to parse undefined:undefined with URL
03-03-2026 10:13:21 [32minfo[39m Reconnect to mongodb
03-03-2026 10:13:21 [31merror[39m Error connect MongoDB: MongoRuntimeError: Unable to parse undefined:undefined with URL
03-03-2026 10:13:31 [32minfo[39m Reconnect to mongodb
03-03-2026 10:13:31 [31merror[39m Error connect MongoDB: MongoRuntimeError: Unable to parse undefined:undefined with URL
03-03-2026 10:13:41 [32minfo[39m Reconnect to mongodb
03-03-2026 10:13:41 [31merror[39m Error connect MongoDB: MongoRuntimeError: Unable to parse undefined:undefined with URL
03-03-2026 10:13:51 [32minfo[39m Reconnect to mongodb
03-03-2026 10:13:51 [31merror[39m Error connect MongoDB: MongoRuntimeError: Unable to parse undefined:undefined with URL
03-03-2026 10:14:01 [32minfo[39m Reconnect to mongodb
03-03-2026 10:14:01 [31merror[39m Error connect MongoDB: MongoRuntimeError: Unable to parse undefined:undefined with URL
03-03-2026 10:14:11 [32minfo[39m Reconnect to mongodb
03-03-2026 10:14:11 [31merror[39m Error connect MongoDB: MongoRuntimeError: Unable to parse undefined:undefined with URL
03-03-2026 10:14:21 [32minfo[39m Reconnect to mongodb
03-03-2026 10:14:21 [31merror[39m Error connect MongoDB: MongoRuntimeError: Unable to parse undefined:undefined with URL
03-03-2026 10:14:31 [32minfo[39m Reconnect to mongodb
03-03-2026 10:14:31 [31merror[39m Error connect MongoDB: MongoRuntimeError: Unable to parse undefined:undefined with URL
03-03-2026 10:14:41 [32minfo[39m Reconnect to mongodb
03-03-2026 10:14:41 [31merror[39m Error connect MongoDB: MongoRuntimeError: Unable to parse undefined:undefined with URL
03-03-2026 10:14:51 [32minfo[39m Reconnect to mongodb
03-03-2026 10:14:51 [31merror[39m Error connect MongoDB: MongoRuntimeError: Unable to parse undefined:undefined with URL
03-03-2026 10:15:01 [32minfo[39m Reconnect to mongodb
03-03-2026 10:15:01 [31merror[39m Error connect MongoDB: MongoRuntimeError: Unable to parse undefined:undefined with URL
03-03-2026 10:15:11 [32minfo[39m Reconnect to mongodb
03-03-2026 10:15:11 [31merror[39m Error connect MongoDB: MongoRuntimeError: Unable to parse undefined:undefined with URL
03-03-2026 10:15:21 [32minfo[39m Reconnect to mongodb
03-03-2026 10:15:21 [31merror[39m Error connect MongoDB: MongoRuntimeError: Unable to parse undefined:undefined with URL
03-03-2026 10:15:31 [32minfo[39m Reconnect to mongodb
03-03-2026 10:15:31 [31merror[39m Error connect MongoDB: MongoRuntimeError: Unable to parse undefined:undefined with URL
03-03-2026 10:15:41 [32minfo[39m Reconnect to mongodb
03-03-2026 10:15:42 [31merror[39m Error connect MongoDB: MongoRuntimeError: Unable to parse undefined:undefined with URL
03-03-2026 10:15:52 [32minfo[39m Reconnect to mongodb
03-03-2026 10:15:52 [31merror[39m Error connect MongoDB: MongoRuntimeError: Unable to parse undefined:undefined with URL
03-03-2026 10:16:02 [32minfo[39m Reconnect to mongodb
03-03-2026 10:16:02 [31merror[39m Error connect MongoDB: MongoRuntimeError: Unable to parse undefined:undefined with URL
03-03-2026 10:16:12 [32minfo[39m Reconnect to mongodb
03-03-2026 10:16:12 [31merror[39m Error connect MongoDB: MongoRuntimeError: Unable to parse undefined:undefined with URL
03-03-2026 10:16:22 [32minfo[39m Reconnect to mongodb
03-03-2026 10:16:22 [31merror[39m Error connect MongoDB: MongoRuntimeError: Unable to parse undefined:undefined with URL
03-03-2026 10:16:32 [32minfo[39m Reconnect to mongodb
03-03-2026 10:16:32 [31merror[39m Error connect MongoDB: MongoRuntimeError: Unable to parse undefined:undefined with URL
03-03-2026 10:16:42 [32minfo[39m Reconnect to mongodb
03-03-2026 10:16:42 [31merror[39m Error connect MongoDB: MongoRuntimeError: Unable to parse undefined:undefined with URL
03-03-2026 10:16:52 [32minfo[39m Reconnect to mongodb
03-03-2026 10:16:52 [31merror[39m Error connect MongoDB: MongoRuntimeError: Unable to parse undefined:undefined with URL
03-03-2026 10:17:02 [32minfo[39m Reconnect to mongodb
03-03-2026 10:17:02 [31merror[39m Error connect MongoDB: MongoRuntimeError: Unable to parse undefined:undefined with URL
03-03-2026 10:17:12 [32minfo[39m Reconnect to mongodb
03-03-2026 10:17:12 [31merror[39m Error connect MongoDB: MongoRuntimeError: Unable to parse undefined:undefined with URL
03-03-2026 10:17:22 [32minfo[39m Reconnect to mongodb
03-03-2026 10:17:22 [31merror[39m Error connect MongoDB: MongoRuntimeError: Unable to parse undefined:undefined with URL
03-03-2026 10:17:32 [32minfo[39m Reconnect to mongodb
03-03-2026 10:17:32 [31merror[39m Error connect MongoDB: MongoRuntimeError: Unable to parse undefined:undefined with URL
03-03-2026 10:17:42 [32minfo[39m Reconnect to mongodb
03-03-2026 10:17:42 [31merror[39m Error connect MongoDB: MongoRuntimeError: Unable to parse undefined:undefined with URL
03-03-2026 10:17:52 [32minfo[39m Reconnect to mongodb
03-03-2026 10:17:52 [31merror[39m Error connect MongoDB: MongoRuntimeError: Unable to parse undefined:undefined with URL
03-03-2026 10:18:02 [32minfo[39m Reconnect to mongodb
03-03-2026 10:18:02 [31merror[39m Error connect MongoDB: MongoRuntimeError: Unable to parse undefined:undefined with URL
03-03-2026 10:18:12 [32minfo[39m Reconnect to mongodb
03-03-2026 10:18:12 [31merror[39m Error connect MongoDB: MongoRuntimeError: Unable to parse undefined:undefined with URL
03-03-2026 10:18:22 [32minfo[39m Reconnect to mongodb
03-03-2026 10:18:22 [31merror[39m Error connect MongoDB: MongoRuntimeError: Unable to parse undefined:undefined with URL
03-03-2026 10:18:32 [32minfo[39m Reconnect to mongodb
03-03-2026 10:18:32 [31merror[39m Error connect MongoDB: MongoRuntimeError: Unable to parse undefined:undefined with URL
03-03-2026 10:18:42 [32minfo[39m Reconnect to mongodb
03-03-2026 10:18:42 [31merror[39m Error connect MongoDB: MongoRuntimeError: Unable to parse undefined:undefined with URL
03-03-2026 10:18:52 [32minfo[39m Reconnect to mongodb
03-03-2026 10:18:52 [31merror[39m Error connect MongoDB: MongoRuntimeError: Unable to parse undefined:undefined with URL
03-03-2026 10:19:02 [32minfo[39m Reconnect to mongodb
03-03-2026 10:19:02 [31merror[39m Error connect MongoDB: MongoRuntimeError: Unable to parse undefined:undefined with URL
03-03-2026 10:19:12 [32minfo[39m Reconnect to mongodb
03-03-2026 10:19:12 [31merror[39m Error connect MongoDB: MongoRuntimeError: Unable to parse undefined:undefined with URL
03-03-2026 10:19:22 [32minfo[39m Reconnect to mongodb
03-03-2026 10:19:22 [31merror[39m Error connect MongoDB: MongoRuntimeError: Unable to parse undefined:undefined with URL
03-03-2026 10:19:32 [32minfo[39m Reconnect to mongodb
03-03-2026 10:19:32 [31merror[39m Error connect MongoDB: MongoRuntimeError: Unable to parse undefined:undefined with URL
03-03-2026 10:19:42 [32minfo[39m Reconnect to mongodb
03-03-2026 10:19:42 [31merror[39m Error connect MongoDB: MongoRuntimeError: Unable to parse undefined:undefined with URL
03-03-2026 10:19:52 [32minfo[39m Reconnect to mongodb
03-03-2026 10:19:52 [31merror[39m Error connect MongoDB: MongoRuntimeError: Unable to parse undefined:undefined with URL
03-03-2026 10:20:02 [32minfo[39m Reconnect to mongodb
03-03-2026 10:20:02 [31merror[39m Error connect MongoDB: MongoRuntimeError: Unable to parse undefined:undefined with URL
03-03-2026 10:20:12 [32minfo[39m Reconnect to mongodb
03-03-2026 10:20:12 [31merror[39m Error connect MongoDB: MongoRuntimeError: Unable to parse undefined:undefined with URL
03-03-2026 10:20:22 [32minfo[39m Reconnect to mongodb
03-03-2026 10:20:22 [31merror[39m Error connect MongoDB: MongoRuntimeError: Unable to parse undefined:undefined with URL
03-03-2026 10:20:32 [32minfo[39m Reconnect to mongodb
03-03-2026 10:20:32 [31merror[39m Error connect MongoDB: MongoRuntimeError: Unable to parse undefined:undefined with URL
03-03-2026 10:20:42 [32minfo[39m Reconnect to mongodb
03-03-2026 10:20:42 [31merror[39m Error connect MongoDB: MongoRuntimeError: Unable to parse undefined:undefined with URL
03-03-2026 10:20:52 [32minfo[39m Reconnect to mongodb
03-03-2026 10:20:52 [31merror[39m Error connect MongoDB: MongoRuntimeError: Unable to parse undefined:undefined with URL
03-03-2026 10:21:02 [32minfo[39m Reconnect to mongodb
03-03-2026 10:21:02 [31merror[39m Error connect MongoDB: MongoRuntimeError: Unable to parse undefined:undefined with URL
03-03-2026 10:21:12 [32minfo[39m Reconnect to mongodb
03-03-2026 10:21:12 [31merror[39m Error connect MongoDB: MongoRuntimeError: Unable to parse undefined:undefined with URL
03-03-2026 10:21:22 [32minfo[39m Reconnect to mongodb
03-03-2026 10:21:22 [31merror[39m Error connect MongoDB: MongoRuntimeError: Unable to parse undefined:undefined with URL
03-03-2026 10:21:32 [32minfo[39m Reconnect to mongodb
03-03-2026 10:21:32 [31merror[39m Error connect MongoDB: MongoRuntimeError: Unable to parse undefined:undefined with URL
03-03-2026 10:21:42 [32minfo[39m Reconnect to mongodb
03-03-2026 10:21:42 [31merror[39m Error connect MongoDB: MongoRuntimeError: Unable to parse undefined:undefined with URL
03-03-2026 10:21:52 [32minfo[39m Reconnect to mongodb
03-03-2026 10:21:52 [31merror[39m Error connect MongoDB: MongoRuntimeError: Unable to parse undefined:undefined with URL
03-03-2026 10:22:02 [32minfo[39m Reconnect to mongodb
03-03-2026 10:22:02 [31merror[39m Error connect MongoDB: MongoRuntimeError: Unable to parse undefined:undefined with URL
03-03-2026 10:22:12 [32minfo[39m Reconnect to mongodb
03-03-2026 10:22:12 [31merror[39m Error connect MongoDB: MongoRuntimeError: Unable to parse undefined:undefined with URL
03-03-2026 10:22:22 [32minfo[39m Reconnect to mongodb
03-03-2026 10:22:22 [31merror[39m Error connect MongoDB: MongoRuntimeError: Unable to parse undefined:undefined with URL
03-03-2026 10:22:32 [32minfo[39m Reconnect to mongodb
03-03-2026 10:22:32 [31merror[39m Error connect MongoDB: MongoRuntimeError: Unable to parse undefined:undefined with URL
03-03-2026 10:22:42 [32minfo[39m Reconnect to mongodb
03-03-2026 10:22:42 [31merror[39m Error connect MongoDB: MongoRuntimeError: Unable to parse undefined:undefined with URL
03-03-2026 10:22:52 [32minfo[39m Reconnect to mongodb
03-03-2026 10:22:52 [31merror[39m Error connect MongoDB: MongoRuntimeError: Unable to parse undefined:undefined with URL
03-03-2026 10:23:02 [32minfo[39m Reconnect to mongodb
03-03-2026 10:23:02 [31merror[39m Error connect MongoDB: MongoRuntimeError: Unable to parse undefined:undefined with URL
03-03-2026 10:23:12 [32minfo[39m Reconnect to mongodb
03-03-2026 10:23:12 [31merror[39m Error connect MongoDB: MongoRuntimeError: Unable to parse undefined:undefined with URL
03-03-2026 10:23:22 [32minfo[39m Reconnect to mongodb
03-03-2026 10:23:22 [31merror[39m Error connect MongoDB: MongoRuntimeError: Unable to parse undefined:undefined with URL
03-03-2026 10:23:32 [32minfo[39m Reconnect to mongodb
03-03-2026 10:23:32 [31merror[39m Error connect MongoDB: MongoRuntimeError: Unable to parse undefined:undefined with URL
03-03-2026 10:23:42 [32minfo[39m Reconnect to mongodb
03-03-2026 10:23:42 [31merror[39m Error connect MongoDB: MongoRuntimeError: Unable to parse undefined:undefined with URL
03-03-2026 10:23:52 [32minfo[39m Reconnect to mongodb
03-03-2026 10:23:52 [31merror[39m Error connect MongoDB: MongoRuntimeError: Unable to parse undefined:undefined with URL
03-03-2026 10:24:02 [32minfo[39m Reconnect to mongodb
03-03-2026 10:24:02 [31merror[39m Error connect MongoDB: MongoRuntimeError: Unable to parse undefined:undefined with URL
03-03-2026 10:24:12 [32minfo[39m Reconnect to mongodb
03-03-2026 10:24:12 [31merror[39m Error connect MongoDB: MongoRuntimeError: Unable to parse undefined:undefined with URL
03-03-2026 10:24:22 [32minfo[39m Reconnect to mongodb
03-03-2026 10:24:22 [31merror[39m Error connect MongoDB: MongoRuntimeError: Unable to parse undefined:undefined with URL
03-03-2026 10:24:32 [32minfo[39m Reconnect to mongodb
03-03-2026 10:24:32 [31merror[39m Error connect MongoDB: MongoRuntimeError: Unable to parse undefined:undefined with URL
03-03-2026 10:24:42 [32minfo[39m Reconnect to mongodb
03-03-2026 10:24:42 [31merror[39m Error connect MongoDB: MongoRuntimeError: Unable to parse undefined:undefined with URL
03-03-2026 10:24:52 [32minfo[39m Reconnect to mongodb
03-03-2026 10:24:52 [31merror[39m Error connect MongoDB: MongoRuntimeError: Unable to parse undefined:undefined with URL
03-03-2026 10:25:02 [32minfo[39m Reconnect to mongodb
03-03-2026 10:25:02 [31merror[39m Error connect MongoDB: MongoRuntimeError: Unable to parse undefined:undefined with URL
03-03-2026 10:25:12 [32minfo[39m Reconnect to mongodb
03-03-2026 10:25:12 [31merror[39m Error connect MongoDB: MongoRuntimeError: Unable to parse undefined:undefined with URL
03-03-2026 10:25:22 [32minfo[39m Reconnect to mongodb
03-03-2026 10:25:22 [31merror[39m Error connect MongoDB: MongoRuntimeError: Unable to parse undefined:undefined with URL
03-03-2026 10:25:32 [32minfo[39m Reconnect to mongodb
03-03-2026 10:25:32 [31merror[39m Error connect MongoDB: MongoRuntimeError: Unable to parse undefined:undefined with URL
03-03-2026 10:25:42 [32minfo[39m Reconnect to mongodb
03-03-2026 10:25:42 [31merror[39m Error connect MongoDB: MongoRuntimeError: Unable to parse undefined:undefined with URL
03-03-2026 10:25:52 [32minfo[39m Reconnect to mongodb
03-03-2026 10:25:52 [31merror[39m Error connect MongoDB: MongoRuntimeError: Unable to parse undefined:undefined with URL
03-03-2026 10:26:02 [32minfo[39m Reconnect to mongodb
03-03-2026 10:26:02 [31merror[39m Error connect MongoDB: MongoRuntimeError: Unable to parse undefined:undefined with URL
03-03-2026 10:26:12 [32minfo[39m Reconnect to mongodb
03-03-2026 10:26:12 [31merror[39m Error connect MongoDB: MongoRuntimeError: Unable to parse undefined:undefined with URL
03-03-2026 10:26:22 [32minfo[39m Reconnect to mongodb
03-03-2026 10:26:22 [31merror[39m Error connect MongoDB: MongoRuntimeError: Unable to parse undefined:undefined with URL
03-03-2026 10:26:32 [32minfo[39m Reconnect to mongodb
03-03-2026 10:26:32 [31merror[39m Error connect MongoDB: MongoRuntimeError: Unable to parse undefined:undefined with URL
03-03-2026 10:26:42 [32minfo[39m Reconnect to mongodb
03-03-2026 10:26:42 [31merror[39m Error connect MongoDB: MongoRuntimeError: Unable to parse undefined:undefined with URL
03-03-2026 10:26:52 [32minfo[39m Reconnect to mongodb
03-03-2026 10:26:52 [31merror[39m Error connect MongoDB: MongoRuntimeError: Unable to parse undefined:undefined with URL
03-03-2026 10:27:02 [32minfo[39m Reconnect to mongodb
03-03-2026 10:27:02 [31merror[39m Error connect MongoDB: MongoRuntimeError: Unable to parse undefined:undefined with URL
03-03-2026 10:27:07 [31merror[39m Error connect MongoDB: MongoRuntimeError: Unable to parse undefined:undefined with URL
03-03-2026 10:27:17 [32minfo[39m Reconnect to mongodb
03-03-2026 10:27:17 [31merror[39m Error connect MongoDB: MongoRuntimeError: Unable to parse undefined:undefined with URL
03-03-2026 10:27:27 [32minfo[39m Reconnect to mongodb
03-03-2026 10:27:27 [31merror[39m Error connect MongoDB: MongoRuntimeError: Unable to parse undefined:undefined with URL
03-03-2026 10:27:37 [32minfo[39m Reconnect to mongodb
03-03-2026 10:27:37 [31merror[39m Error connect MongoDB: MongoRuntimeError: Unable to parse undefined:undefined with URL
03-03-2026 10:27:47 [32minfo[39m Reconnect to mongodb
03-03-2026 10:27:47 [31merror[39m Error connect MongoDB: MongoRuntimeError: Unable to parse undefined:undefined with URL
03-03-2026 10:27:57 [32minfo[39m Reconnect to mongodb
03-03-2026 10:27:57 [31merror[39m Error connect MongoDB: MongoRuntimeError: Unable to parse undefined:undefined with URL
03-03-2026 10:28:07 [32minfo[39m Reconnect to mongodb
03-03-2026 10:28:07 [31merror[39m Error connect MongoDB: MongoRuntimeError: Unable to parse undefined:undefined with URL
03-03-2026 10:28:17 [32minfo[39m Reconnect to mongodb
03-03-2026 10:28:17 [31merror[39m Error connect MongoDB: MongoRuntimeError: Unable to parse undefined:undefined with URL
03-03-2026 10:28:27 [32minfo[39m Reconnect to mongodb
03-03-2026 10:28:27 [31merror[39m Error connect MongoDB: MongoRuntimeError: Unable to parse undefined:undefined with URL
03-03-2026 10:28:37 [32minfo[39m Reconnect to mongodb
03-03-2026 10:28:37 [31merror[39m Error connect MongoDB: MongoRuntimeError: Unable to parse undefined:undefined with URL
03-03-2026 10:28:41 [31merror[39m Error connect MongoDB: MongoRuntimeError: Unable to parse undefined:undefined with URL
03-03-2026 10:28:51 [32minfo[39m Reconnect to mongodb
03-03-2026 10:28:51 [31merror[39m Error connect MongoDB: MongoRuntimeError: Unable to parse undefined:undefined with URL
03-03-2026 10:29:01 [32minfo[39m Reconnect to mongodb
03-03-2026 10:29:01 [31merror[39m Error connect MongoDB: MongoRuntimeError: Unable to parse undefined:undefined with URL
03-03-2026 10:29:11 [32minfo[39m Reconnect to mongodb
03-03-2026 10:29:11 [31merror[39m Error connect MongoDB: MongoRuntimeError: Unable to parse undefined:undefined with URL
03-03-2026 10:29:21 [32minfo[39m Reconnect to mongodb
03-03-2026 10:29:21 [31merror[39m Error connect MongoDB: MongoRuntimeError: Unable to parse undefined:undefined with URL
03-03-2026 10:29:24 [31merror[39m Error connect MongoDB: MongoRuntimeError: Unable to parse undefined:undefined with URL
03-03-2026 10:29:29 [31merror[39m Error connect MongoDB: MongoRuntimeError: Unable to parse undefined:undefined with URL
03-03-2026 10:29:39 [32minfo[39m Reconnect to mongodb
03-03-2026 10:29:39 [31merror[39m Error connect MongoDB: MongoRuntimeError: Unable to parse undefined:undefined with URL
03-03-2026 10:29:42 [31merror[39m URI: mongodb://undefined:undefined/undefined
03-03-2026 10:29:42 [31merror[39m Error connect MongoDB: MongoRuntimeError: Unable to parse undefined:undefined with URL
03-03-2026 10:29:42 [31merror[39m URI: mongodb://undefined:undefined/undefined
03-03-2026 10:29:42 [31merror[39m Error connect MongoDB: MongoRuntimeError: Unable to parse undefined:undefined with URL
03-03-2026 10:29:45 [31merror[39m URI: mongodb://undefined:undefined/undefined
03-03-2026 10:29:45 [31merror[39m Error connect MongoDB: MongoRuntimeError: Unable to parse undefined:undefined with URL
03-03-2026 10:29:51 [31merror[39m ----URI: mongodb://undefined:undefined/undefined
03-03-2026 10:29:51 [31merror[39m Error connect MongoDB: MongoRuntimeError: Unable to parse undefined:undefined with URL
03-03-2026 10:30:01 [32minfo[39m Reconnect to mongodb
03-03-2026 10:30:01 [31merror[39m ----URI: mongodb://undefined:undefined/undefined
03-03-2026 10:30:01 [31merror[39m Error connect MongoDB: MongoRuntimeError: Unable to parse undefined:undefined with URL
03-03-2026 10:30:11 [32minfo[39m Reconnect to mongodb
03-03-2026 10:30:11 [31merror[39m ----URI: mongodb://undefined:undefined/undefined
03-03-2026 10:30:11 [31merror[39m Error connect MongoDB: MongoRuntimeError: Unable to parse undefined:undefined with URL
03-03-2026 10:30:21 [32minfo[39m Reconnect to mongodb
03-03-2026 10:30:21 [31merror[39m ----URI: mongodb://undefined:undefined/undefined
03-03-2026 10:30:21 [31merror[39m Error connect MongoDB: MongoRuntimeError: Unable to parse undefined:undefined with URL
03-03-2026 10:30:31 [32minfo[39m Reconnect to mongodb
03-03-2026 10:30:31 [31merror[39m ----URI: mongodb://undefined:undefined/undefined
03-03-2026 10:30:31 [31merror[39m Error connect MongoDB: MongoRuntimeError: Unable to parse undefined:undefined with URL
03-03-2026 10:30:41 [32minfo[39m Reconnect to mongodb
03-03-2026 10:30:41 [31merror[39m ----URI: mongodb://undefined:undefined/undefined
03-03-2026 10:30:41 [31merror[39m Error connect MongoDB: MongoRuntimeError: Unable to parse undefined:undefined with URL
03-03-2026 10:30:51 [32minfo[39m Reconnect to mongodb
03-03-2026 10:30:51 [31merror[39m ----URI: mongodb://undefined:undefined/undefined
03-03-2026 10:30:51 [31merror[39m Error connect MongoDB: MongoRuntimeError: Unable to parse undefined:undefined with URL
03-03-2026 10:30:59 [31merror[39m ----URI: mongodb://undefined:undefined/undefined
03-03-2026 10:30:59 [31merror[39m Error connect MongoDB: MongoRuntimeError: Unable to parse undefined:undefined with URL
03-03-2026 10:31:09 [32minfo[39m Reconnect to mongodb
03-03-2026 10:31:09 [31merror[39m ----URI: mongodb://undefined:undefined/undefined
03-03-2026 10:31:09 [31merror[39m Error connect MongoDB: MongoRuntimeError: Unable to parse undefined:undefined with URL
03-03-2026 10:31:19 [32minfo[39m Reconnect to mongodb
03-03-2026 10:31:19 [31merror[39m ----URI: mongodb://undefined:undefined/undefined
03-03-2026 10:31:19 [31merror[39m Error connect MongoDB: MongoRuntimeError: Unable to parse undefined:undefined with URL
03-03-2026 10:31:29 [32minfo[39m Reconnect to mongodb
03-03-2026 10:31:29 [31merror[39m ----URI: mongodb://undefined:undefined/undefined
03-03-2026 10:31:29 [31merror[39m Error connect MongoDB: MongoRuntimeError: Unable to parse undefined:undefined with URL
03-03-2026 10:31:39 [32minfo[39m Reconnect to mongodb
03-03-2026 10:31:39 [31merror[39m ----URI: mongodb://undefined:undefined/undefined
03-03-2026 10:31:39 [31merror[39m Error connect MongoDB: MongoRuntimeError: Unable to parse undefined:undefined with URL
03-03-2026 10:31:49 [32minfo[39m Reconnect to mongodb
03-03-2026 10:31:49 [31merror[39m ----URI: mongodb://undefined:undefined/undefined
03-03-2026 10:31:49 [31merror[39m Error connect MongoDB: MongoRuntimeError: Unable to parse undefined:undefined with URL
03-03-2026 10:31:59 [32minfo[39m Reconnect to mongodb
03-03-2026 10:31:59 [31merror[39m ----URI: mongodb://undefined:undefined/undefined
03-03-2026 10:31:59 [31merror[39m Error connect MongoDB: MongoRuntimeError: Unable to parse undefined:undefined with URL
03-03-2026 10:32:09 [32minfo[39m Reconnect to mongodb
03-03-2026 10:32:09 [31merror[39m ----URI: mongodb://undefined:undefined/undefined
03-03-2026 10:32:09 [31merror[39m Error connect MongoDB: MongoRuntimeError: Unable to parse undefined:undefined with URL
03-03-2026 10:32:19 [32minfo[39m Reconnect to mongodb
03-03-2026 10:32:19 [31merror[39m ----URI: mongodb://undefined:undefined/undefined
03-03-2026 10:32:19 [31merror[39m Error connect MongoDB: MongoRuntimeError: Unable to parse undefined:undefined with URL
03-03-2026 10:32:29 [32minfo[39m Reconnect to mongodb
03-03-2026 10:32:29 [31merror[39m ----URI: mongodb://undefined:undefined/undefined
03-03-2026 10:32:29 [31merror[39m Error connect MongoDB: MongoRuntimeError: Unable to parse undefined:undefined with URL
03-03-2026 10:32:39 [32minfo[39m Reconnect to mongodb
03-03-2026 10:32:39 [31merror[39m ----URI: mongodb://undefined:undefined/undefined
03-03-2026 10:32:39 [31merror[39m Error connect MongoDB: MongoRuntimeError: Unable to parse undefined:undefined with URL
03-03-2026 10:32:49 [32minfo[39m Reconnect to mongodb
03-03-2026 10:32:49 [31merror[39m ----URI: mongodb://undefined:undefined/undefined
03-03-2026 10:32:49 [31merror[39m Error connect MongoDB: MongoRuntimeError: Unable to parse undefined:undefined with URL
03-03-2026 10:32:59 [32minfo[39m Reconnect to mongodb
03-03-2026 10:32:59 [31merror[39m ----URI: mongodb://undefined:undefined/undefined
03-03-2026 10:32:59 [31merror[39m Error connect MongoDB: MongoRuntimeError: Unable to parse undefined:undefined with URL
03-03-2026 10:33:09 [32minfo[39m Reconnect to mongodb
03-03-2026 10:33:09 [31merror[39m ----URI: mongodb://undefined:undefined/undefined
03-03-2026 10:33:09 [31merror[39m Error connect MongoDB: MongoRuntimeError: Unable to parse undefined:undefined with URL
03-03-2026 10:33:19 [32minfo[39m Reconnect to mongodb
03-03-2026 10:33:19 [31merror[39m ----URI: mongodb://undefined:undefined/undefined
03-03-2026 10:33:19 [31merror[39m Error connect MongoDB: MongoRuntimeError: Unable to parse undefined:undefined with URL
03-03-2026 10:33:29 [32minfo[39m Reconnect to mongodb
03-03-2026 10:33:29 [31merror[39m ----URI: mongodb://undefined:undefined/undefined
03-03-2026 10:33:29 [31merror[39m Error connect MongoDB: MongoRuntimeError: Unable to parse undefined:undefined with URL
03-03-2026 10:33:39 [32minfo[39m Reconnect to mongodb
03-03-2026 10:33:39 [31merror[39m ----URI: mongodb://undefined:undefined/undefined
03-03-2026 10:33:39 [31merror[39m Error connect MongoDB: MongoRuntimeError: Unable to parse undefined:undefined with URL
03-03-2026 10:33:49 [32minfo[39m Reconnect to mongodb
03-03-2026 10:33:49 [31merror[39m ----URI: mongodb://undefined:undefined/undefined
03-03-2026 10:33:49 [31merror[39m Error connect MongoDB: MongoRuntimeError: Unable to parse undefined:undefined with URL
03-03-2026 10:33:59 [32minfo[39m Reconnect to mongodb
03-03-2026 10:33:59 [31merror[39m ----URI: mongodb://undefined:undefined/undefined
03-03-2026 10:33:59 [31merror[39m Error connect MongoDB: MongoRuntimeError: Unable to parse undefined:undefined with URL
03-03-2026 10:34:09 [32minfo[39m Reconnect to mongodb
03-03-2026 10:34:09 [31merror[39m ----URI: mongodb://undefined:undefined/undefined
03-03-2026 10:34:09 [31merror[39m Error connect MongoDB: MongoRuntimeError: Unable to parse undefined:undefined with URL
03-03-2026 10:34:19 [32minfo[39m Reconnect to mongodb
03-03-2026 10:34:19 [31merror[39m ----URI: mongodb://undefined:undefined/undefined
03-03-2026 10:34:19 [31merror[39m Error connect MongoDB: MongoRuntimeError: Unable to parse undefined:undefined with URL
03-03-2026 10:34:29 [32minfo[39m Reconnect to mongodb
03-03-2026 10:34:29 [31merror[39m ----URI: mongodb://undefined:undefined/undefined
03-03-2026 10:34:29 [31merror[39m Error connect MongoDB: MongoRuntimeError: Unable to parse undefined:undefined with URL
03-03-2026 10:34:39 [32minfo[39m Reconnect to mongodb
03-03-2026 10:34:39 [31merror[39m ----URI: mongodb://undefined:undefined/undefined
03-03-2026 10:34:39 [31merror[39m Error connect MongoDB: MongoRuntimeError: Unable to parse undefined:undefined with URL
03-03-2026 10:34:49 [32minfo[39m Reconnect to mongodb
03-03-2026 10:34:49 [31merror[39m ----URI: mongodb://undefined:undefined/undefined
03-03-2026 10:34:49 [31merror[39m Error connect MongoDB: MongoRuntimeError: Unable to parse undefined:undefined with URL
03-03-2026 10:34:59 [32minfo[39m Reconnect to mongodb
03-03-2026 10:34:59 [31merror[39m ----URI: mongodb://undefined:undefined/undefined
03-03-2026 10:34:59 [31merror[39m Error connect MongoDB: MongoRuntimeError: Unable to parse undefined:undefined with URL
03-03-2026 10:35:09 [32minfo[39m Reconnect to mongodb
03-03-2026 10:35:09 [31merror[39m ----URI: mongodb://undefined:undefined/undefined
03-03-2026 10:35:09 [31merror[39m Error connect MongoDB: MongoRuntimeError: Unable to parse undefined:undefined with URL
03-03-2026 10:35:19 [32minfo[39m Reconnect to mongodb
03-03-2026 10:35:19 [31merror[39m ----URI: mongodb://undefined:undefined/undefined
03-03-2026 10:35:19 [31merror[39m Error connect MongoDB: MongoRuntimeError: Unable to parse undefined:undefined with URL
03-03-2026 10:35:29 [32minfo[39m Reconnect to mongodb
03-03-2026 10:35:29 [31merror[39m ----URI: mongodb://undefined:undefined/undefined
03-03-2026 10:35:29 [31merror[39m Error connect MongoDB: MongoRuntimeError: Unable to parse undefined:undefined with URL
03-03-2026 10:35:39 [32minfo[39m Reconnect to mongodb
03-03-2026 10:35:39 [31merror[39m ----URI: mongodb://undefined:undefined/undefined
03-03-2026 10:35:39 [31merror[39m Error connect MongoDB: MongoRuntimeError: Unable to parse undefined:undefined with URL
03-03-2026 10:35:49 [32minfo[39m Reconnect to mongodb
03-03-2026 10:35:49 [31merror[39m ----URI: mongodb://undefined:undefined/undefined
03-03-2026 10:35:49 [31merror[39m Error connect MongoDB: MongoRuntimeError: Unable to parse undefined:undefined with URL
03-03-2026 10:35:59 [32minfo[39m Reconnect to mongodb
03-03-2026 10:35:59 [31merror[39m ----URI: mongodb://undefined:undefined/undefined
03-03-2026 10:35:59 [31merror[39m Error connect MongoDB: MongoRuntimeError: Unable to parse undefined:undefined with URL
03-03-2026 10:36:09 [32minfo[39m Reconnect to mongodb
03-03-2026 10:36:09 [31merror[39m ----URI: mongodb://undefined:undefined/undefined
03-03-2026 10:36:09 [31merror[39m Error connect MongoDB: MongoRuntimeError: Unable to parse undefined:undefined with URL
03-03-2026 10:36:19 [32minfo[39m Reconnect to mongodb
03-03-2026 10:36:19 [31merror[39m ----URI: mongodb://undefined:undefined/undefined
03-03-2026 10:36:19 [31merror[39m Error connect MongoDB: MongoRuntimeError: Unable to parse undefined:undefined with URL
03-03-2026 10:36:29 [32minfo[39m Reconnect to mongodb
03-03-2026 10:36:29 [31merror[39m ----URI: mongodb://undefined:undefined/undefined
03-03-2026 10:36:29 [31merror[39m Error connect MongoDB: MongoRuntimeError: Unable to parse undefined:undefined with URL
03-03-2026 10:36:39 [32minfo[39m Reconnect to mongodb
03-03-2026 10:36:39 [31merror[39m ----URI: mongodb://undefined:undefined/undefined
03-03-2026 10:36:39 [31merror[39m Error connect MongoDB: MongoRuntimeError: Unable to parse undefined:undefined with URL
03-03-2026 10:36:49 [32minfo[39m Reconnect to mongodb
03-03-2026 10:36:49 [31merror[39m ----URI: mongodb://undefined:undefined/undefined
03-03-2026 10:36:49 [31merror[39m Error connect MongoDB: MongoRuntimeError: Unable to parse undefined:undefined with URL
03-03-2026 10:36:59 [32minfo[39m Reconnect to mongodb
03-03-2026 10:36:59 [31merror[39m ----URI: mongodb://undefined:undefined/undefined
03-03-2026 10:36:59 [31merror[39m Error connect MongoDB: MongoRuntimeError: Unable to parse undefined:undefined with URL
03-03-2026 10:37:09 [32minfo[39m Reconnect to mongodb
03-03-2026 10:37:09 [31merror[39m ----URI: mongodb://undefined:undefined/undefined
03-03-2026 10:37:09 [31merror[39m Error connect MongoDB: MongoRuntimeError: Unable to parse undefined:undefined with URL
03-03-2026 10:37:19 [32minfo[39m Reconnect to mongodb
03-03-2026 10:37:19 [31merror[39m ----URI: mongodb://undefined:undefined/undefined
03-03-2026 10:37:19 [31merror[39m Error connect MongoDB: MongoRuntimeError: Unable to parse undefined:undefined with URL
03-03-2026 10:37:29 [32minfo[39m Reconnect to mongodb
03-03-2026 10:37:29 [31merror[39m ----URI: mongodb://undefined:undefined/undefined
03-03-2026 10:37:29 [31merror[39m Error connect MongoDB: MongoRuntimeError: Unable to parse undefined:undefined with URL
03-03-2026 10:37:39 [32minfo[39m Reconnect to mongodb
03-03-2026 10:37:39 [31merror[39m ----URI: mongodb://undefined:undefined/undefined
03-03-2026 10:37:39 [31merror[39m Error connect MongoDB: MongoRuntimeError: Unable to parse undefined:undefined with URL
03-03-2026 10:37:49 [32minfo[39m Reconnect to mongodb
03-03-2026 10:37:49 [31merror[39m ----URI: mongodb://undefined:undefined/undefined
03-03-2026 10:37:49 [31merror[39m Error connect MongoDB: MongoRuntimeError: Unable to parse undefined:undefined with URL
03-03-2026 10:37:59 [32minfo[39m Reconnect to mongodb
03-03-2026 10:37:59 [31merror[39m ----URI: mongodb://undefined:undefined/undefined
03-03-2026 10:37:59 [31merror[39m Error connect MongoDB: MongoRuntimeError: Unable to parse undefined:undefined with URL
03-03-2026 10:38:09 [32minfo[39m Reconnect to mongodb
03-03-2026 10:38:09 [31merror[39m ----URI: mongodb://undefined:undefined/undefined
03-03-2026 10:38:09 [31merror[39m Error connect MongoDB: MongoRuntimeError: Unable to parse undefined:undefined with URL
03-03-2026 10:38:19 [32minfo[39m Reconnect to mongodb
03-03-2026 10:38:19 [31merror[39m ----URI: mongodb://undefined:undefined/undefined
03-03-2026 10:38:19 [31merror[39m Error connect MongoDB: MongoRuntimeError: Unable to parse undefined:undefined with URL
03-03-2026 10:38:29 [32minfo[39m Reconnect to mongodb
03-03-2026 10:38:29 [31merror[39m ----URI: mongodb://undefined:undefined/undefined
03-03-2026 10:38:29 [31merror[39m Error connect MongoDB: MongoRuntimeError: Unable to parse undefined:undefined with URL
03-03-2026 10:38:39 [32minfo[39m Reconnect to mongodb
03-03-2026 10:38:39 [31merror[39m ----URI: mongodb://undefined:undefined/undefined
03-03-2026 10:38:39 [31merror[39m Error connect MongoDB: MongoRuntimeError: Unable to parse undefined:undefined with URL
03-03-2026 10:38:49 [32minfo[39m Reconnect to mongodb
03-03-2026 10:38:49 [31merror[39m ----URI: mongodb://undefined:undefined/undefined
03-03-2026 10:38:49 [31merror[39m Error connect MongoDB: MongoRuntimeError: Unable to parse undefined:undefined with URL
03-03-2026 10:38:59 [32minfo[39m Reconnect to mongodb
03-03-2026 10:38:59 [31merror[39m ----URI: mongodb://undefined:undefined/undefined
03-03-2026 10:38:59 [31merror[39m Error connect MongoDB: MongoRuntimeError: Unable to parse undefined:undefined with URL
03-03-2026 10:39:09 [32minfo[39m Reconnect to mongodb
03-03-2026 10:39:09 [31merror[39m ----URI: mongodb://undefined:undefined/undefined
03-03-2026 10:39:09 [31merror[39m Error connect MongoDB: MongoRuntimeError: Unable to parse undefined:undefined with URL
03-03-2026 10:39:19 [32minfo[39m Reconnect to mongodb
03-03-2026 10:39:19 [31merror[39m ----URI: mongodb://undefined:undefined/undefined
03-03-2026 10:39:19 [31merror[39m Error connect MongoDB: MongoRuntimeError: Unable to parse undefined:undefined with URL
03-03-2026 10:39:29 [32minfo[39m Reconnect to mongodb
03-03-2026 10:39:29 [31merror[39m ----URI: mongodb://undefined:undefined/undefined
03-03-2026 10:39:29 [31merror[39m Error connect MongoDB: MongoRuntimeError: Unable to parse undefined:undefined with URL
03-03-2026 10:39:39 [32minfo[39m Reconnect to mongodb
03-03-2026 10:39:39 [31merror[39m ----URI: mongodb://undefined:undefined/undefined
03-03-2026 10:39:39 [31merror[39m Error connect MongoDB: MongoRuntimeError: Unable to parse undefined:undefined with URL
03-03-2026 10:39:49 [32minfo[39m Reconnect to mongodb
03-03-2026 10:39:49 [31merror[39m ----URI: mongodb://undefined:undefined/undefined
03-03-2026 10:39:49 [31merror[39m Error connect MongoDB: MongoRuntimeError: Unable to parse undefined:undefined with URL
03-03-2026 10:39:59 [32minfo[39m Reconnect to mongodb
03-03-2026 10:39:59 [31merror[39m ----URI: mongodb://undefined:undefined/undefined
03-03-2026 10:39:59 [31merror[39m Error connect MongoDB: MongoRuntimeError: Unable to parse undefined:undefined with URL
03-03-2026 10:40:10 [32minfo[39m Reconnect to mongodb
03-03-2026 10:40:10 [31merror[39m ----URI: mongodb://undefined:undefined/undefined
03-03-2026 10:40:10 [31merror[39m Error connect MongoDB: MongoRuntimeError: Unable to parse undefined:undefined with URL
03-03-2026 10:40:20 [32minfo[39m Reconnect to mongodb
03-03-2026 10:40:20 [31merror[39m ----URI: mongodb://undefined:undefined/undefined
03-03-2026 10:40:20 [31merror[39m Error connect MongoDB: MongoRuntimeError: Unable to parse undefined:undefined with URL
03-03-2026 10:40:30 [32minfo[39m Reconnect to mongodb
03-03-2026 10:40:30 [31merror[39m ----URI: mongodb://undefined:undefined/undefined
03-03-2026 10:40:30 [31merror[39m Error connect MongoDB: MongoRuntimeError: Unable to parse undefined:undefined with URL
03-03-2026 10:40:40 [32minfo[39m Reconnect to mongodb
03-03-2026 10:40:40 [31merror[39m ----URI: mongodb://undefined:undefined/undefined
03-03-2026 10:40:40 [31merror[39m Error connect MongoDB: MongoRuntimeError: Unable to parse undefined:undefined with URL
03-03-2026 10:41:47 [31merror[39m ----URI: mongodb://undefined:undefined/undefined
03-03-2026 10:41:47 [31merror[39m Error connect MongoDB: MongoRuntimeError: Unable to parse undefined:undefined with URL
03-03-2026 10:41:57 [32minfo[39m Reconnect to mongodb
03-03-2026 10:41:57 [31merror[39m ----URI: mongodb://undefined:undefined/undefined
03-03-2026 10:41:57 [31merror[39m Error connect MongoDB: MongoRuntimeError: Unable to parse undefined:undefined with URL
03-03-2026 10:42:07 [32minfo[39m Reconnect to mongodb
03-03-2026 10:42:07 [31merror[39m ----URI: mongodb://undefined:undefined/undefined
03-03-2026 10:42:07 [31merror[39m Error connect MongoDB: MongoRuntimeError: Unable to parse undefined:undefined with URL
03-03-2026 10:42:08 [31merror[39m ----URI: mongodb://undefined:undefined/undefined
03-03-2026 10:42:08 [31merror[39m Error connect MongoDB: MongoRuntimeError: Unable to parse undefined:undefined with URL
03-03-2026 10:42:18 [32minfo[39m Reconnect to mongodb
03-03-2026 10:42:18 [31merror[39m ----URI: mongodb://undefined:undefined/undefined
03-03-2026 10:42:18 [31merror[39m Error connect MongoDB: MongoRuntimeError: Unable to parse undefined:undefined with URL
03-03-2026 10:42:28 [32minfo[39m Reconnect to mongodb
03-03-2026 10:42:28 [31merror[39m ----URI: mongodb://undefined:undefined/undefined
03-03-2026 10:42:28 [31merror[39m Error connect MongoDB: MongoRuntimeError: Unable to parse undefined:undefined with URL
03-03-2026 10:42:37 [31merror[39m ----URI: mongodb://admin:Admin123!%40%23@localhost:27017/miframe-db
03-03-2026 10:42:37 [31merror[39m Error connect MongoDB: MongoServerError: Authentication failed.
03-03-2026 10:42:44 [31merror[39m ----URI: mongodb://admin:Admin123!%40%23@localhost:27017/miframe-db
03-03-2026 10:42:44 [31merror[39m Error connect MongoDB: MongoServerError: Authentication failed.
03-03-2026 10:42:49 [31merror[39m ----URI: mongodb://admin:Admin123!%40%23@localhost:27017/miframe-db
03-03-2026 10:42:49 [31merror[39m Error connect MongoDB: MongoServerError: Authentication failed.
03-03-2026 10:42:59 [32minfo[39m Reconnect to mongodb
03-03-2026 10:42:59 [31merror[39m ----URI: mongodb://admin:Admin123!%40%23@localhost:27017/miframe-db
03-03-2026 10:42:59 [31merror[39m Error connect MongoDB: MongoServerError: Authentication failed.
03-03-2026 10:43:09 [32minfo[39m Reconnect to mongodb
03-03-2026 10:43:09 [31merror[39m ----URI: mongodb://admin:Admin123!%40%23@localhost:27017/miframe-db
03-03-2026 10:43:09 [31merror[39m Error connect MongoDB: MongoServerError: Authentication failed.
03-03-2026 10:43:19 [32minfo[39m Reconnect to mongodb
03-03-2026 10:43:19 [31merror[39m ----URI: mongodb://admin:Admin123!%40%23@localhost:27017/miframe-db
03-03-2026 10:43:19 [31merror[39m Error connect MongoDB: MongoServerError: Authentication failed.
03-03-2026 10:43:29 [32minfo[39m Reconnect to mongodb
03-03-2026 10:43:29 [31merror[39m ----URI: mongodb://admin:Admin123!%40%23@localhost:27017/miframe-db
03-03-2026 10:43:29 [31merror[39m Error connect MongoDB: MongoServerError: Authentication failed.
03-03-2026 10:43:39 [32minfo[39m Reconnect to mongodb
03-03-2026 10:43:39 [31merror[39m ----URI: mongodb://admin:Admin123!%40%23@localhost:27017/miframe-db
03-03-2026 10:43:39 [31merror[39m Error connect MongoDB: MongoServerError: Authentication failed.
03-03-2026 10:43:49 [32minfo[39m Reconnect to mongodb
03-03-2026 10:43:49 [31merror[39m ----URI: mongodb://admin:Admin123!%40%23@localhost:27017/miframe-db
03-03-2026 10:43:49 [31merror[39m Error connect MongoDB: MongoServerError: Authentication failed.
03-03-2026 10:43:59 [32minfo[39m Reconnect to mongodb
03-03-2026 10:43:59 [31merror[39m ----URI: mongodb://admin:Admin123!%40%23@localhost:27017/miframe-db
03-03-2026 10:43:59 [31merror[39m Error connect MongoDB: MongoServerError: Authentication failed.
03-03-2026 10:44:08 [32minfo[39m MongoDB connected!
03-03-2026 12:38:56 [32minfo[39m MongoDB connected!
03-03-2026 12:40:02 [32minfo[39m MongoDB connected!
03-03-2026 12:40:25 [32minfo[39m MongoDB connected!
03-03-2026 12:40:32 [32minfo[39m MongoDB connected!
03-03-2026 12:40:57 [32minfo[39m MongoDB connected!
03-03-2026 12:41:03 [32minfo[39m MongoDB connected!
03-03-2026 13:54:48 [32minfo[39m MongoDB connected!
03-03-2026 13:56:20 [32minfo[39m MongoDB connected!
03-03-2026 13:56:24 [32minfo[39m MongoDB connected!
03-03-2026 13:56:33 [32minfo[39m MongoDB connected!
03-03-2026 13:56:37 [32minfo[39m MongoDB connected!
03-03-2026 13:56:55 [32minfo[39m MongoDB connected!
03-03-2026 13:56:59 [32minfo[39m MongoDB connected!
03-03-2026 13:57:06 [32minfo[39m MongoDB connected!
03-03-2026 13:57:16 [32minfo[39m MongoDB connected!
03-03-2026 13:57:23 [32minfo[39m MongoDB connected!
03-03-2026 13:57:33 [32minfo[39m MongoDB connected!
03-03-2026 13:58:16 [32minfo[39m MongoDB connected!
03-03-2026 13:58:20 [32minfo[39m MongoDB connected!
03-03-2026 13:58:51 [32minfo[39m MongoDB connected!
03-03-2026 13:59:28 [32minfo[39m MongoDB connected!
03-03-2026 13:59:34 [32minfo[39m MongoDB connected!
03-03-2026 13:59:35 [32minfo[39m MongoDB connected!
03-03-2026 13:59:46 [32minfo[39m MongoDB connected!
03-03-2026 13:59:47 [32minfo[39m MongoDB connected!
03-03-2026 14:00:01 [32minfo[39m MongoDB connected!
03-03-2026 14:00:03 [32minfo[39m MongoDB connected!
03-03-2026 14:00:20 [32minfo[39m MongoDB connected!
03-03-2026 14:00:58 [32minfo[39m MongoDB connected!
03-03-2026 14:01:13 [32minfo[39m MongoDB connected!
03-03-2026 14:01:25 [32minfo[39m MongoDB connected!
03-03-2026 14:01:38 [32minfo[39m MongoDB connected!
03-03-2026 14:01:42 [32minfo[39m MongoDB connected!
03-03-2026 14:41:03 [32minfo[39m MongoDB connected!
03-03-2026 14:41:29 [32minfo[39m MongoDB connected!
03-03-2026 14:41:38 [32minfo[39m MongoDB connected!
03-03-2026 14:41:47 [32minfo[39m MongoDB connected!
03-03-2026 14:42:39 [32minfo[39m MongoDB connected!
03-03-2026 14:42:52 [32minfo[39m MongoDB connected!
03-03-2026 14:43:01 [32minfo[39m MongoDB connected!
03-03-2026 14:43:12 [32minfo[39m MongoDB connected!
03-03-2026 14:43:12 [32minfo[39m MongoDB connected!
03-03-2026 14:43:18 [32minfo[39m MongoDB connected!
03-03-2026 14:43:18 [32minfo[39m MongoDB connected!
03-03-2026 14:43:21 [32minfo[39m MongoDB connected!
03-03-2026 14:43:27 [32minfo[39m MongoDB connected!
03-03-2026 14:43:28 [32minfo[39m MongoDB connected!
03-03-2026 14:43:30 [32minfo[39m MongoDB connected!
03-03-2026 14:43:31 [32minfo[39m MongoDB connected!
03-03-2026 14:43:58 [32minfo[39m MongoDB connected!
03-03-2026 14:51:52 [32minfo[39m MongoDB connected!
03-03-2026 14:52:13 [32minfo[39m MongoDB connected!
03-03-2026 14:52:22 [32minfo[39m MongoDB connected!
03-03-2026 14:52:36 [32minfo[39m MongoDB connected!
03-03-2026 14:52:41 [32minfo[39m MongoDB connected!
03-03-2026 14:52:49 [32minfo[39m MongoDB connected!
03-03-2026 14:52:53 [32minfo[39m MongoDB connected!
03-03-2026 14:53:06 [32minfo[39m MongoDB connected!
03-03-2026 14:53:17 [32minfo[39m MongoDB connected!
03-03-2026 14:53:39 [32minfo[39m MongoDB connected!
03-03-2026 14:53:40 [32minfo[39m MongoDB connected!
03-03-2026 14:53:48 [32minfo[39m MongoDB connected!
03-03-2026 14:54:14 [32minfo[39m MongoDB connected!
03-03-2026 14:54:17 [32minfo[39m MongoDB connected!
03-03-2026 14:54:22 [32minfo[39m MongoDB connected!
03-03-2026 14:54:35 [32minfo[39m MongoDB connected!
03-03-2026 14:54:39 [32minfo[39m MongoDB connected!
03-03-2026 14:54:40 [32minfo[39m MongoDB connected!
03-03-2026 14:55:02 [32minfo[39m MongoDB connected!
03-03-2026 14:55:03 [32minfo[39m MongoDB connected!
03-03-2026 14:55:05 [32minfo[39m MongoDB connected!
03-03-2026 14:58:29 [32minfo[39m MongoDB connected!
03-03-2026 14:58:49 [32minfo[39m MongoDB connected!
03-03-2026 15:01:41 [32minfo[39m MongoDB connected!
03-03-2026 15:02:07 [32minfo[39m MongoDB connected!
03-03-2026 15:02:18 [32minfo[39m MongoDB connected!
03-03-2026 15:02:23 [32minfo[39m MongoDB connected!
03-03-2026 15:02:55 [32minfo[39m MongoDB connected!
03-03-2026 15:02:56 [32minfo[39m MongoDB connected!
03-03-2026 15:02:58 [32minfo[39m MongoDB connected!
03-03-2026 15:03:00 [32minfo[39m MongoDB connected!
03-03-2026 15:05:09 [32minfo[39m MongoDB connected!
03-03-2026 15:05:09 [32minfo[39m MongoDB connected!
03-03-2026 15:05:23 [32minfo[39m MongoDB connected!
03-03-2026 15:05:58 [32minfo[39m MongoDB connected!
03-03-2026 15:06:03 [32minfo[39m MongoDB connected!
03-03-2026 15:06:13 [32minfo[39m MongoDB connected!
03-03-2026 15:06:14 [32minfo[39m MongoDB connected!
03-03-2026 15:06:16 [32minfo[39m MongoDB connected!
03-03-2026 15:06:49 [32minfo[39m MongoDB connected!
03-03-2026 15:06:49 [32minfo[39m MongoDB connected!
03-03-2026 15:07:20 [32minfo[39m MongoDB connected!
03-03-2026 15:07:29 [32minfo[39m MongoDB connected!
03-03-2026 15:07:29 [32minfo[39m MongoDB connected!
03-03-2026 15:07:34 [32minfo[39m MongoDB connected!
03-03-2026 15:07:38 [32minfo[39m MongoDB connected!
03-03-2026 15:08:35 [32minfo[39m MongoDB connected!
03-03-2026 15:08:57 [32minfo[39m MongoDB connected!
03-03-2026 15:08:57 [32minfo[39m MongoDB connected!
03-03-2026 15:08:58 [32minfo[39m MongoDB connected!
03-03-2026 15:09:34 [32minfo[39m MongoDB connected!
03-03-2026 15:10:23 [32minfo[39m MongoDB connected!
