03-03-2026 10:11:51 [31merror[39m Error connect MongoDB: MongoRuntimeError: Unable to parse undefined:undefined with URL
03-03-2026 10:12:01 [31merror[39m Error connect MongoDB: MongoRuntimeError: Unable to parse undefined:undefined with URL
03-03-2026 10:12:11 [31merror[39m Error connect MongoDB: MongoRuntimeError: Unable to parse undefined:undefined with URL
03-03-2026 10:12:21 [31merror[39m Error connect MongoDB: MongoRuntimeError: Unable to parse undefined:undefined with URL
03-03-2026 10:12:31 [31merror[39m Error connect MongoDB: MongoRuntimeError: Unable to parse undefined:undefined with URL
03-03-2026 10:12:41 [31merror[39m Error connect MongoDB: MongoRuntimeError: Unable to parse undefined:undefined with URL
03-03-2026 10:12:51 [31merror[39m Error connect MongoDB: MongoRuntimeError: Unable to parse undefined:undefined with URL
03-03-2026 10:13:01 [31merror[39m Error connect MongoDB: MongoRuntimeError: Unable to parse undefined:undefined with URL
03-03-2026 10:13:11 [31merror[39m Error connect MongoDB: MongoRuntimeError: Unable to parse undefined:undefined with URL
03-03-2026 10:13:21 [31merror[39m Error connect MongoDB: MongoRuntimeError: Unable to parse undefined:undefined with URL
03-03-2026 10:13:31 [31merror[39m Error connect MongoDB: MongoRuntimeError: Unable to parse undefined:undefined with URL
03-03-2026 10:13:41 [31merror[39m Error connect MongoDB: MongoRuntimeError: Unable to parse undefined:undefined with URL
03-03-2026 10:13:51 [31merror[39m Error connect MongoDB: MongoRuntimeError: Unable to parse undefined:undefined with URL
03-03-2026 10:14:01 [31merror[39m Error connect MongoDB: MongoRuntimeError: Unable to parse undefined:undefined with URL
03-03-2026 10:14:11 [31merror[39m Error connect MongoDB: MongoRuntimeError: Unable to parse undefined:undefined with URL
03-03-2026 10:14:21 [31merror[39m Error connect MongoDB: MongoRuntimeError: Unable to parse undefined:undefined with URL
03-03-2026 10:14:31 [31merror[39m Error connect MongoDB: MongoRuntimeError: Unable to parse undefined:undefined with URL
03-03-2026 10:14:41 [31merror[39m Error connect MongoDB: MongoRuntimeError: Unable to parse undefined:undefined with URL
03-03-2026 10:14:51 [31merror[39m Error connect MongoDB: MongoRuntimeError: Unable to parse undefined:undefined with URL
03-03-2026 10:15:01 [31merror[39m Error connect MongoDB: MongoRuntimeError: Unable to parse undefined:undefined with URL
03-03-2026 10:15:11 [31merror[39m Error connect MongoDB: MongoRuntimeError: Unable to parse undefined:undefined with URL
03-03-2026 10:15:21 [31merror[39m Error connect MongoDB: MongoRuntimeError: Unable to parse undefined:undefined with URL
03-03-2026 10:15:31 [31merror[39m Error connect MongoDB: MongoRuntimeError: Unable to parse undefined:undefined with URL
03-03-2026 10:15:42 [31merror[39m Error connect MongoDB: MongoRuntimeError: Unable to parse undefined:undefined with URL
03-03-2026 10:15:52 [31merror[39m Error connect MongoDB: MongoRuntimeError: Unable to parse undefined:undefined with URL
03-03-2026 10:16:02 [31merror[39m Error connect MongoDB: MongoRuntimeError: Unable to parse undefined:undefined with URL
03-03-2026 10:16:12 [31merror[39m Error connect MongoDB: MongoRuntimeError: Unable to parse undefined:undefined with URL
03-03-2026 10:16:22 [31merror[39m Error connect MongoDB: MongoRuntimeError: Unable to parse undefined:undefined with URL
03-03-2026 10:16:32 [31merror[39m Error connect MongoDB: MongoRuntimeError: Unable to parse undefined:undefined with URL
03-03-2026 10:16:42 [31merror[39m Error connect MongoDB: MongoRuntimeError: Unable to parse undefined:undefined with URL
03-03-2026 10:16:52 [31merror[39m Error connect MongoDB: MongoRuntimeError: Unable to parse undefined:undefined with URL
03-03-2026 10:17:02 [31merror[39m Error connect MongoDB: MongoRuntimeError: Unable to parse undefined:undefined with URL
03-03-2026 10:17:12 [31merror[39m Error connect MongoDB: MongoRuntimeError: Unable to parse undefined:undefined with URL
03-03-2026 10:17:22 [31merror[39m Error connect MongoDB: MongoRuntimeError: Unable to parse undefined:undefined with URL
03-03-2026 10:17:32 [31merror[39m Error connect MongoDB: MongoRuntimeError: Unable to parse undefined:undefined with URL
03-03-2026 10:17:42 [31merror[39m Error connect MongoDB: MongoRuntimeError: Unable to parse undefined:undefined with URL
03-03-2026 10:17:52 [31merror[39m Error connect MongoDB: MongoRuntimeError: Unable to parse undefined:undefined with URL
03-03-2026 10:18:02 [31merror[39m Error connect MongoDB: MongoRuntimeError: Unable to parse undefined:undefined with URL
03-03-2026 10:18:12 [31merror[39m Error connect MongoDB: MongoRuntimeError: Unable to parse undefined:undefined with URL
03-03-2026 10:18:22 [31merror[39m Error connect MongoDB: MongoRuntimeError: Unable to parse undefined:undefined with URL
03-03-2026 10:18:32 [31merror[39m Error connect MongoDB: MongoRuntimeError: Unable to parse undefined:undefined with URL
03-03-2026 10:18:42 [31merror[39m Error connect MongoDB: MongoRuntimeError: Unable to parse undefined:undefined with URL
03-03-2026 10:18:52 [31merror[39m Error connect MongoDB: MongoRuntimeError: Unable to parse undefined:undefined with URL
03-03-2026 10:19:02 [31merror[39m Error connect MongoDB: MongoRuntimeError: Unable to parse undefined:undefined with URL
03-03-2026 10:19:12 [31merror[39m Error connect MongoDB: MongoRuntimeError: Unable to parse undefined:undefined with URL
03-03-2026 10:19:22 [31merror[39m Error connect MongoDB: MongoRuntimeError: Unable to parse undefined:undefined with URL
03-03-2026 10:19:32 [31merror[39m Error connect MongoDB: MongoRuntimeError: Unable to parse undefined:undefined with URL
03-03-2026 10:19:42 [31merror[39m Error connect MongoDB: MongoRuntimeError: Unable to parse undefined:undefined with URL
03-03-2026 10:19:52 [31merror[39m Error connect MongoDB: MongoRuntimeError: Unable to parse undefined:undefined with URL
03-03-2026 10:20:02 [31merror[39m Error connect MongoDB: MongoRuntimeError: Unable to parse undefined:undefined with URL
03-03-2026 10:20:12 [31merror[39m Error connect MongoDB: MongoRuntimeError: Unable to parse undefined:undefined with URL
03-03-2026 10:20:22 [31merror[39m Error connect MongoDB: MongoRuntimeError: Unable to parse undefined:undefined with URL
03-03-2026 10:20:32 [31merror[39m Error connect MongoDB: MongoRuntimeError: Unable to parse undefined:undefined with URL
03-03-2026 10:20:42 [31merror[39m Error connect MongoDB: MongoRuntimeError: Unable to parse undefined:undefined with URL
03-03-2026 10:20:52 [31merror[39m Error connect MongoDB: MongoRuntimeError: Unable to parse undefined:undefined with URL
03-03-2026 10:21:02 [31merror[39m Error connect MongoDB: MongoRuntimeError: Unable to parse undefined:undefined with URL
03-03-2026 10:21:12 [31merror[39m Error connect MongoDB: MongoRuntimeError: Unable to parse undefined:undefined with URL
03-03-2026 10:21:22 [31merror[39m Error connect MongoDB: MongoRuntimeError: Unable to parse undefined:undefined with URL
03-03-2026 10:21:32 [31merror[39m Error connect MongoDB: MongoRuntimeError: Unable to parse undefined:undefined with URL
03-03-2026 10:21:42 [31merror[39m Error connect MongoDB: MongoRuntimeError: Unable to parse undefined:undefined with URL
03-03-2026 10:21:52 [31merror[39m Error connect MongoDB: MongoRuntimeError: Unable to parse undefined:undefined with URL
03-03-2026 10:22:02 [31merror[39m Error connect MongoDB: MongoRuntimeError: Unable to parse undefined:undefined with URL
03-03-2026 10:22:12 [31merror[39m Error connect MongoDB: MongoRuntimeError: Unable to parse undefined:undefined with URL
03-03-2026 10:22:22 [31merror[39m Error connect MongoDB: MongoRuntimeError: Unable to parse undefined:undefined with URL
03-03-2026 10:22:32 [31merror[39m Error connect MongoDB: MongoRuntimeError: Unable to parse undefined:undefined with URL
03-03-2026 10:22:42 [31merror[39m Error connect MongoDB: MongoRuntimeError: Unable to parse undefined:undefined with URL
03-03-2026 10:22:52 [31merror[39m Error connect MongoDB: MongoRuntimeError: Unable to parse undefined:undefined with URL
03-03-2026 10:23:02 [31merror[39m Error connect MongoDB: MongoRuntimeError: Unable to parse undefined:undefined with URL
03-03-2026 10:23:12 [31merror[39m Error connect MongoDB: MongoRuntimeError: Unable to parse undefined:undefined with URL
03-03-2026 10:23:22 [31merror[39m Error connect MongoDB: MongoRuntimeError: Unable to parse undefined:undefined with URL
03-03-2026 10:23:32 [31merror[39m Error connect MongoDB: MongoRuntimeError: Unable to parse undefined:undefined with URL
03-03-2026 10:23:42 [31merror[39m Error connect MongoDB: MongoRuntimeError: Unable to parse undefined:undefined with URL
03-03-2026 10:23:52 [31merror[39m Error connect MongoDB: MongoRuntimeError: Unable to parse undefined:undefined with URL
03-03-2026 10:24:02 [31merror[39m Error connect MongoDB: MongoRuntimeError: Unable to parse undefined:undefined with URL
03-03-2026 10:24:12 [31merror[39m Error connect MongoDB: MongoRuntimeError: Unable to parse undefined:undefined with URL
03-03-2026 10:24:22 [31merror[39m Error connect MongoDB: MongoRuntimeError: Unable to parse undefined:undefined with URL
03-03-2026 10:24:32 [31merror[39m Error connect MongoDB: MongoRuntimeError: Unable to parse undefined:undefined with URL
03-03-2026 10:24:42 [31merror[39m Error connect MongoDB: MongoRuntimeError: Unable to parse undefined:undefined with URL
03-03-2026 10:24:52 [31merror[39m Error connect MongoDB: MongoRuntimeError: Unable to parse undefined:undefined with URL
03-03-2026 10:25:02 [31merror[39m Error connect MongoDB: MongoRuntimeError: Unable to parse undefined:undefined with URL
03-03-2026 10:25:12 [31merror[39m Error connect MongoDB: MongoRuntimeError: Unable to parse undefined:undefined with URL
03-03-2026 10:25:22 [31merror[39m Error connect MongoDB: MongoRuntimeError: Unable to parse undefined:undefined with URL
03-03-2026 10:25:32 [31merror[39m Error connect MongoDB: MongoRuntimeError: Unable to parse undefined:undefined with URL
03-03-2026 10:25:42 [31merror[39m Error connect MongoDB: MongoRuntimeError: Unable to parse undefined:undefined with URL
03-03-2026 10:25:52 [31merror[39m Error connect MongoDB: MongoRuntimeError: Unable to parse undefined:undefined with URL
03-03-2026 10:26:02 [31merror[39m Error connect MongoDB: MongoRuntimeError: Unable to parse undefined:undefined with URL
03-03-2026 10:26:12 [31merror[39m Error connect MongoDB: MongoRuntimeError: Unable to parse undefined:undefined with URL
03-03-2026 10:26:22 [31merror[39m Error connect MongoDB: MongoRuntimeError: Unable to parse undefined:undefined with URL
03-03-2026 10:26:32 [31merror[39m Error connect MongoDB: MongoRuntimeError: Unable to parse undefined:undefined with URL
03-03-2026 10:26:42 [31merror[39m Error connect MongoDB: MongoRuntimeError: Unable to parse undefined:undefined with URL
03-03-2026 10:26:52 [31merror[39m Error connect MongoDB: MongoRuntimeError: Unable to parse undefined:undefined with URL
03-03-2026 10:27:02 [31merror[39m Error connect MongoDB: MongoRuntimeError: Unable to parse undefined:undefined with URL
03-03-2026 10:27:07 [31merror[39m Error connect MongoDB: MongoRuntimeError: Unable to parse undefined:undefined with URL
03-03-2026 10:27:17 [31merror[39m Error connect MongoDB: MongoRuntimeError: Unable to parse undefined:undefined with URL
03-03-2026 10:27:27 [31merror[39m Error connect MongoDB: MongoRuntimeError: Unable to parse undefined:undefined with URL
03-03-2026 10:27:37 [31merror[39m Error connect MongoDB: MongoRuntimeError: Unable to parse undefined:undefined with URL
03-03-2026 10:27:47 [31merror[39m Error connect MongoDB: MongoRuntimeError: Unable to parse undefined:undefined with URL
03-03-2026 10:27:57 [31merror[39m Error connect MongoDB: MongoRuntimeError: Unable to parse undefined:undefined with URL
03-03-2026 10:28:07 [31merror[39m Error connect MongoDB: MongoRuntimeError: Unable to parse undefined:undefined with URL
03-03-2026 10:28:17 [31merror[39m Error connect MongoDB: MongoRuntimeError: Unable to parse undefined:undefined with URL
03-03-2026 10:28:27 [31merror[39m Error connect MongoDB: MongoRuntimeError: Unable to parse undefined:undefined with URL
03-03-2026 10:28:37 [31merror[39m Error connect MongoDB: MongoRuntimeError: Unable to parse undefined:undefined with URL
03-03-2026 10:28:41 [31merror[39m Error connect MongoDB: MongoRuntimeError: Unable to parse undefined:undefined with URL
03-03-2026 10:28:51 [31merror[39m Error connect MongoDB: MongoRuntimeError: Unable to parse undefined:undefined with URL
03-03-2026 10:29:01 [31merror[39m Error connect MongoDB: MongoRuntimeError: Unable to parse undefined:undefined with URL
03-03-2026 10:29:11 [31merror[39m Error connect MongoDB: MongoRuntimeError: Unable to parse undefined:undefined with URL
03-03-2026 10:29:21 [31merror[39m Error connect MongoDB: MongoRuntimeError: Unable to parse undefined:undefined with URL
03-03-2026 10:29:24 [31merror[39m Error connect MongoDB: MongoRuntimeError: Unable to parse undefined:undefined with URL
03-03-2026 10:29:29 [31merror[39m Error connect MongoDB: MongoRuntimeError: Unable to parse undefined:undefined with URL
03-03-2026 10:29:39 [31merror[39m Error connect MongoDB: MongoRuntimeError: Unable to parse undefined:undefined with URL
03-03-2026 10:29:42 [31merror[39m URI: mongodb://undefined:undefined/undefined
03-03-2026 10:29:42 [31merror[39m Error connect MongoDB: MongoRuntimeError: Unable to parse undefined:undefined with URL
03-03-2026 10:29:42 [31merror[39m URI: mongodb://undefined:undefined/undefined
03-03-2026 10:29:42 [31merror[39m Error connect MongoDB: MongoRuntimeError: Unable to parse undefined:undefined with URL
03-03-2026 10:29:45 [31merror[39m URI: mongodb://undefined:undefined/undefined
03-03-2026 10:29:45 [31merror[39m Error connect MongoDB: MongoRuntimeError: Unable to parse undefined:undefined with URL
03-03-2026 10:29:51 [31merror[39m ----URI: mongodb://undefined:undefined/undefined
03-03-2026 10:29:51 [31merror[39m Error connect MongoDB: MongoRuntimeError: Unable to parse undefined:undefined with URL
03-03-2026 10:30:01 [31merror[39m ----URI: mongodb://undefined:undefined/undefined
03-03-2026 10:30:01 [31merror[39m Error connect MongoDB: MongoRuntimeError: Unable to parse undefined:undefined with URL
03-03-2026 10:30:11 [31merror[39m ----URI: mongodb://undefined:undefined/undefined
03-03-2026 10:30:11 [31merror[39m Error connect MongoDB: MongoRuntimeError: Unable to parse undefined:undefined with URL
03-03-2026 10:30:21 [31merror[39m ----URI: mongodb://undefined:undefined/undefined
03-03-2026 10:30:21 [31merror[39m Error connect MongoDB: MongoRuntimeError: Unable to parse undefined:undefined with URL
03-03-2026 10:30:31 [31merror[39m ----URI: mongodb://undefined:undefined/undefined
03-03-2026 10:30:31 [31merror[39m Error connect MongoDB: MongoRuntimeError: Unable to parse undefined:undefined with URL
03-03-2026 10:30:41 [31merror[39m ----URI: mongodb://undefined:undefined/undefined
03-03-2026 10:30:41 [31merror[39m Error connect MongoDB: MongoRuntimeError: Unable to parse undefined:undefined with URL
03-03-2026 10:30:51 [31merror[39m ----URI: mongodb://undefined:undefined/undefined
03-03-2026 10:30:51 [31merror[39m Error connect MongoDB: MongoRuntimeError: Unable to parse undefined:undefined with URL
03-03-2026 10:30:59 [31merror[39m ----URI: mongodb://undefined:undefined/undefined
03-03-2026 10:30:59 [31merror[39m Error connect MongoDB: MongoRuntimeError: Unable to parse undefined:undefined with URL
03-03-2026 10:31:09 [31merror[39m ----URI: mongodb://undefined:undefined/undefined
03-03-2026 10:31:09 [31merror[39m Error connect MongoDB: MongoRuntimeError: Unable to parse undefined:undefined with URL
03-03-2026 10:31:19 [31merror[39m ----URI: mongodb://undefined:undefined/undefined
03-03-2026 10:31:19 [31merror[39m Error connect MongoDB: MongoRuntimeError: Unable to parse undefined:undefined with URL
03-03-2026 10:31:29 [31merror[39m ----URI: mongodb://undefined:undefined/undefined
03-03-2026 10:31:29 [31merror[39m Error connect MongoDB: MongoRuntimeError: Unable to parse undefined:undefined with URL
03-03-2026 10:31:39 [31merror[39m ----URI: mongodb://undefined:undefined/undefined
03-03-2026 10:31:39 [31merror[39m Error connect MongoDB: MongoRuntimeError: Unable to parse undefined:undefined with URL
03-03-2026 10:31:49 [31merror[39m ----URI: mongodb://undefined:undefined/undefined
03-03-2026 10:31:49 [31merror[39m Error connect MongoDB: MongoRuntimeError: Unable to parse undefined:undefined with URL
03-03-2026 10:31:59 [31merror[39m ----URI: mongodb://undefined:undefined/undefined
03-03-2026 10:31:59 [31merror[39m Error connect MongoDB: MongoRuntimeError: Unable to parse undefined:undefined with URL
03-03-2026 10:32:09 [31merror[39m ----URI: mongodb://undefined:undefined/undefined
03-03-2026 10:32:09 [31merror[39m Error connect MongoDB: MongoRuntimeError: Unable to parse undefined:undefined with URL
03-03-2026 10:32:19 [31merror[39m ----URI: mongodb://undefined:undefined/undefined
03-03-2026 10:32:19 [31merror[39m Error connect MongoDB: MongoRuntimeError: Unable to parse undefined:undefined with URL
03-03-2026 10:32:29 [31merror[39m ----URI: mongodb://undefined:undefined/undefined
03-03-2026 10:32:29 [31merror[39m Error connect MongoDB: MongoRuntimeError: Unable to parse undefined:undefined with URL
03-03-2026 10:32:39 [31merror[39m ----URI: mongodb://undefined:undefined/undefined
03-03-2026 10:32:39 [31merror[39m Error connect MongoDB: MongoRuntimeError: Unable to parse undefined:undefined with URL
03-03-2026 10:32:49 [31merror[39m ----URI: mongodb://undefined:undefined/undefined
03-03-2026 10:32:49 [31merror[39m Error connect MongoDB: MongoRuntimeError: Unable to parse undefined:undefined with URL
03-03-2026 10:32:59 [31merror[39m ----URI: mongodb://undefined:undefined/undefined
03-03-2026 10:32:59 [31merror[39m Error connect MongoDB: MongoRuntimeError: Unable to parse undefined:undefined with URL
03-03-2026 10:33:09 [31merror[39m ----URI: mongodb://undefined:undefined/undefined
03-03-2026 10:33:09 [31merror[39m Error connect MongoDB: MongoRuntimeError: Unable to parse undefined:undefined with URL
03-03-2026 10:33:19 [31merror[39m ----URI: mongodb://undefined:undefined/undefined
03-03-2026 10:33:19 [31merror[39m Error connect MongoDB: MongoRuntimeError: Unable to parse undefined:undefined with URL
03-03-2026 10:33:29 [31merror[39m ----URI: mongodb://undefined:undefined/undefined
03-03-2026 10:33:29 [31merror[39m Error connect MongoDB: MongoRuntimeError: Unable to parse undefined:undefined with URL
03-03-2026 10:33:39 [31merror[39m ----URI: mongodb://undefined:undefined/undefined
03-03-2026 10:33:39 [31merror[39m Error connect MongoDB: MongoRuntimeError: Unable to parse undefined:undefined with URL
03-03-2026 10:33:49 [31merror[39m ----URI: mongodb://undefined:undefined/undefined
03-03-2026 10:33:49 [31merror[39m Error connect MongoDB: MongoRuntimeError: Unable to parse undefined:undefined with URL
03-03-2026 10:33:59 [31merror[39m ----URI: mongodb://undefined:undefined/undefined
03-03-2026 10:33:59 [31merror[39m Error connect MongoDB: MongoRuntimeError: Unable to parse undefined:undefined with URL
03-03-2026 10:34:09 [31merror[39m ----URI: mongodb://undefined:undefined/undefined
03-03-2026 10:34:09 [31merror[39m Error connect MongoDB: MongoRuntimeError: Unable to parse undefined:undefined with URL
03-03-2026 10:34:19 [31merror[39m ----URI: mongodb://undefined:undefined/undefined
03-03-2026 10:34:19 [31merror[39m Error connect MongoDB: MongoRuntimeError: Unable to parse undefined:undefined with URL
03-03-2026 10:34:29 [31merror[39m ----URI: mongodb://undefined:undefined/undefined
03-03-2026 10:34:29 [31merror[39m Error connect MongoDB: MongoRuntimeError: Unable to parse undefined:undefined with URL
03-03-2026 10:34:39 [31merror[39m ----URI: mongodb://undefined:undefined/undefined
03-03-2026 10:34:39 [31merror[39m Error connect MongoDB: MongoRuntimeError: Unable to parse undefined:undefined with URL
03-03-2026 10:34:49 [31merror[39m ----URI: mongodb://undefined:undefined/undefined
03-03-2026 10:34:49 [31merror[39m Error connect MongoDB: MongoRuntimeError: Unable to parse undefined:undefined with URL
03-03-2026 10:34:59 [31merror[39m ----URI: mongodb://undefined:undefined/undefined
03-03-2026 10:34:59 [31merror[39m Error connect MongoDB: MongoRuntimeError: Unable to parse undefined:undefined with URL
03-03-2026 10:35:09 [31merror[39m ----URI: mongodb://undefined:undefined/undefined
03-03-2026 10:35:09 [31merror[39m Error connect MongoDB: MongoRuntimeError: Unable to parse undefined:undefined with URL
03-03-2026 10:35:19 [31merror[39m ----URI: mongodb://undefined:undefined/undefined
03-03-2026 10:35:19 [31merror[39m Error connect MongoDB: MongoRuntimeError: Unable to parse undefined:undefined with URL
03-03-2026 10:35:29 [31merror[39m ----URI: mongodb://undefined:undefined/undefined
03-03-2026 10:35:29 [31merror[39m Error connect MongoDB: MongoRuntimeError: Unable to parse undefined:undefined with URL
03-03-2026 10:35:39 [31merror[39m ----URI: mongodb://undefined:undefined/undefined
03-03-2026 10:35:39 [31merror[39m Error connect MongoDB: MongoRuntimeError: Unable to parse undefined:undefined with URL
03-03-2026 10:35:49 [31merror[39m ----URI: mongodb://undefined:undefined/undefined
03-03-2026 10:35:49 [31merror[39m Error connect MongoDB: MongoRuntimeError: Unable to parse undefined:undefined with URL
03-03-2026 10:35:59 [31merror[39m ----URI: mongodb://undefined:undefined/undefined
03-03-2026 10:35:59 [31merror[39m Error connect MongoDB: MongoRuntimeError: Unable to parse undefined:undefined with URL
03-03-2026 10:36:09 [31merror[39m ----URI: mongodb://undefined:undefined/undefined
03-03-2026 10:36:09 [31merror[39m Error connect MongoDB: MongoRuntimeError: Unable to parse undefined:undefined with URL
03-03-2026 10:36:19 [31merror[39m ----URI: mongodb://undefined:undefined/undefined
03-03-2026 10:36:19 [31merror[39m Error connect MongoDB: MongoRuntimeError: Unable to parse undefined:undefined with URL
03-03-2026 10:36:29 [31merror[39m ----URI: mongodb://undefined:undefined/undefined
03-03-2026 10:36:29 [31merror[39m Error connect MongoDB: MongoRuntimeError: Unable to parse undefined:undefined with URL
03-03-2026 10:36:39 [31merror[39m ----URI: mongodb://undefined:undefined/undefined
03-03-2026 10:36:39 [31merror[39m Error connect MongoDB: MongoRuntimeError: Unable to parse undefined:undefined with URL
03-03-2026 10:36:49 [31merror[39m ----URI: mongodb://undefined:undefined/undefined
03-03-2026 10:36:49 [31merror[39m Error connect MongoDB: MongoRuntimeError: Unable to parse undefined:undefined with URL
03-03-2026 10:36:59 [31merror[39m ----URI: mongodb://undefined:undefined/undefined
03-03-2026 10:36:59 [31merror[39m Error connect MongoDB: MongoRuntimeError: Unable to parse undefined:undefined with URL
03-03-2026 10:37:09 [31merror[39m ----URI: mongodb://undefined:undefined/undefined
03-03-2026 10:37:09 [31merror[39m Error connect MongoDB: MongoRuntimeError: Unable to parse undefined:undefined with URL
03-03-2026 10:37:19 [31merror[39m ----URI: mongodb://undefined:undefined/undefined
03-03-2026 10:37:19 [31merror[39m Error connect MongoDB: MongoRuntimeError: Unable to parse undefined:undefined with URL
03-03-2026 10:37:29 [31merror[39m ----URI: mongodb://undefined:undefined/undefined
03-03-2026 10:37:29 [31merror[39m Error connect MongoDB: MongoRuntimeError: Unable to parse undefined:undefined with URL
03-03-2026 10:37:39 [31merror[39m ----URI: mongodb://undefined:undefined/undefined
03-03-2026 10:37:39 [31merror[39m Error connect MongoDB: MongoRuntimeError: Unable to parse undefined:undefined with URL
03-03-2026 10:37:49 [31merror[39m ----URI: mongodb://undefined:undefined/undefined
03-03-2026 10:37:49 [31merror[39m Error connect MongoDB: MongoRuntimeError: Unable to parse undefined:undefined with URL
03-03-2026 10:37:59 [31merror[39m ----URI: mongodb://undefined:undefined/undefined
03-03-2026 10:37:59 [31merror[39m Error connect MongoDB: MongoRuntimeError: Unable to parse undefined:undefined with URL
03-03-2026 10:38:09 [31merror[39m ----URI: mongodb://undefined:undefined/undefined
03-03-2026 10:38:09 [31merror[39m Error connect MongoDB: MongoRuntimeError: Unable to parse undefined:undefined with URL
03-03-2026 10:38:19 [31merror[39m ----URI: mongodb://undefined:undefined/undefined
03-03-2026 10:38:19 [31merror[39m Error connect MongoDB: MongoRuntimeError: Unable to parse undefined:undefined with URL
03-03-2026 10:38:29 [31merror[39m ----URI: mongodb://undefined:undefined/undefined
03-03-2026 10:38:29 [31merror[39m Error connect MongoDB: MongoRuntimeError: Unable to parse undefined:undefined with URL
03-03-2026 10:38:39 [31merror[39m ----URI: mongodb://undefined:undefined/undefined
03-03-2026 10:38:39 [31merror[39m Error connect MongoDB: MongoRuntimeError: Unable to parse undefined:undefined with URL
03-03-2026 10:38:49 [31merror[39m ----URI: mongodb://undefined:undefined/undefined
03-03-2026 10:38:49 [31merror[39m Error connect MongoDB: MongoRuntimeError: Unable to parse undefined:undefined with URL
03-03-2026 10:38:59 [31merror[39m ----URI: mongodb://undefined:undefined/undefined
03-03-2026 10:38:59 [31merror[39m Error connect MongoDB: MongoRuntimeError: Unable to parse undefined:undefined with URL
03-03-2026 10:39:09 [31merror[39m ----URI: mongodb://undefined:undefined/undefined
03-03-2026 10:39:09 [31merror[39m Error connect MongoDB: MongoRuntimeError: Unable to parse undefined:undefined with URL
03-03-2026 10:39:19 [31merror[39m ----URI: mongodb://undefined:undefined/undefined
03-03-2026 10:39:19 [31merror[39m Error connect MongoDB: MongoRuntimeError: Unable to parse undefined:undefined with URL
03-03-2026 10:39:29 [31merror[39m ----URI: mongodb://undefined:undefined/undefined
03-03-2026 10:39:29 [31merror[39m Error connect MongoDB: MongoRuntimeError: Unable to parse undefined:undefined with URL
03-03-2026 10:39:39 [31merror[39m ----URI: mongodb://undefined:undefined/undefined
03-03-2026 10:39:39 [31merror[39m Error connect MongoDB: MongoRuntimeError: Unable to parse undefined:undefined with URL
03-03-2026 10:39:49 [31merror[39m ----URI: mongodb://undefined:undefined/undefined
03-03-2026 10:39:49 [31merror[39m Error connect MongoDB: MongoRuntimeError: Unable to parse undefined:undefined with URL
03-03-2026 10:39:59 [31merror[39m ----URI: mongodb://undefined:undefined/undefined
03-03-2026 10:39:59 [31merror[39m Error connect MongoDB: MongoRuntimeError: Unable to parse undefined:undefined with URL
03-03-2026 10:40:10 [31merror[39m ----URI: mongodb://undefined:undefined/undefined
03-03-2026 10:40:10 [31merror[39m Error connect MongoDB: MongoRuntimeError: Unable to parse undefined:undefined with URL
03-03-2026 10:40:20 [31merror[39m ----URI: mongodb://undefined:undefined/undefined
03-03-2026 10:40:20 [31merror[39m Error connect MongoDB: MongoRuntimeError: Unable to parse undefined:undefined with URL
03-03-2026 10:40:30 [31merror[39m ----URI: mongodb://undefined:undefined/undefined
03-03-2026 10:40:30 [31merror[39m Error connect MongoDB: MongoRuntimeError: Unable to parse undefined:undefined with URL
03-03-2026 10:40:40 [31merror[39m ----URI: mongodb://undefined:undefined/undefined
03-03-2026 10:40:40 [31merror[39m Error connect MongoDB: MongoRuntimeError: Unable to parse undefined:undefined with URL
03-03-2026 10:41:47 [31merror[39m ----URI: mongodb://undefined:undefined/undefined
03-03-2026 10:41:47 [31merror[39m Error connect MongoDB: MongoRuntimeError: Unable to parse undefined:undefined with URL
03-03-2026 10:41:57 [31merror[39m ----URI: mongodb://undefined:undefined/undefined
03-03-2026 10:41:57 [31merror[39m Error connect MongoDB: MongoRuntimeError: Unable to parse undefined:undefined with URL
03-03-2026 10:42:07 [31merror[39m ----URI: mongodb://undefined:undefined/undefined
03-03-2026 10:42:07 [31merror[39m Error connect MongoDB: MongoRuntimeError: Unable to parse undefined:undefined with URL
03-03-2026 10:42:08 [31merror[39m ----URI: mongodb://undefined:undefined/undefined
03-03-2026 10:42:08 [31merror[39m Error connect MongoDB: MongoRuntimeError: Unable to parse undefined:undefined with URL
03-03-2026 10:42:18 [31merror[39m ----URI: mongodb://undefined:undefined/undefined
03-03-2026 10:42:18 [31merror[39m Error connect MongoDB: MongoRuntimeError: Unable to parse undefined:undefined with URL
03-03-2026 10:42:28 [31merror[39m ----URI: mongodb://undefined:undefined/undefined
03-03-2026 10:42:28 [31merror[39m Error connect MongoDB: MongoRuntimeError: Unable to parse undefined:undefined with URL
03-03-2026 10:42:37 [31merror[39m ----URI: mongodb://admin:Admin123!%40%23@localhost:27017/miframe-db
03-03-2026 10:42:37 [31merror[39m Error connect MongoDB: MongoServerError: Authentication failed.
03-03-2026 10:42:44 [31merror[39m ----URI: mongodb://admin:Admin123!%40%23@localhost:27017/miframe-db
03-03-2026 10:42:44 [31merror[39m Error connect MongoDB: MongoServerError: Authentication failed.
03-03-2026 10:42:49 [31merror[39m ----URI: mongodb://admin:Admin123!%40%23@localhost:27017/miframe-db
03-03-2026 10:42:49 [31merror[39m Error connect MongoDB: MongoServerError: Authentication failed.
03-03-2026 10:42:59 [31merror[39m ----URI: mongodb://admin:Admin123!%40%23@localhost:27017/miframe-db
03-03-2026 10:42:59 [31merror[39m Error connect MongoDB: MongoServerError: Authentication failed.
03-03-2026 10:43:09 [31merror[39m ----URI: mongodb://admin:Admin123!%40%23@localhost:27017/miframe-db
03-03-2026 10:43:09 [31merror[39m Error connect MongoDB: MongoServerError: Authentication failed.
03-03-2026 10:43:19 [31merror[39m ----URI: mongodb://admin:Admin123!%40%23@localhost:27017/miframe-db
03-03-2026 10:43:19 [31merror[39m Error connect MongoDB: MongoServerError: Authentication failed.
03-03-2026 10:43:29 [31merror[39m ----URI: mongodb://admin:Admin123!%40%23@localhost:27017/miframe-db
03-03-2026 10:43:29 [31merror[39m Error connect MongoDB: MongoServerError: Authentication failed.
03-03-2026 10:43:39 [31merror[39m ----URI: mongodb://admin:Admin123!%40%23@localhost:27017/miframe-db
03-03-2026 10:43:39 [31merror[39m Error connect MongoDB: MongoServerError: Authentication failed.
03-03-2026 10:43:49 [31merror[39m ----URI: mongodb://admin:Admin123!%40%23@localhost:27017/miframe-db
03-03-2026 10:43:49 [31merror[39m Error connect MongoDB: MongoServerError: Authentication failed.
03-03-2026 10:43:59 [31merror[39m ----URI: mongodb://admin:Admin123!%40%23@localhost:27017/miframe-db
03-03-2026 10:43:59 [31merror[39m Error connect MongoDB: MongoServerError: Authentication failed.
